<?xml version="1.0" encoding="utf-8"?><testsuites name="pytest tests"><testsuite name="pytest" errors="0" failures="0" skipped="0" tests="75" time="16.963" timestamp="2026-08-23T06:03:35.033882+00:00" hostname="agent-env-e7676d79-70e7-451c-aabc-4777ce4b801c"><testcase classname="tests.backend_test.TestAuth" name="test_root" time="0.109" /><testcase classname="tests.backend_test.TestAuth" name="test_login_success" time="0.465" /><testcase classname="tests.backend_test.TestAuth" name="test_login_invalid_password" time="0.335" /><testcase classname="tests.backend_test.TestWorkItemFlow" name="test_create_update_move_delete" time="1.378" /><testcase classname="tests.backend_test.TestAuth" name="test_me_no_token" time="0.146" /><testcase classname="tests.backend_test.TestAuth" name="test_me_bearer" time="0.410" /><testcase classname="tests.backend_test.TestWorkItemFlow" name="test_claim_flow" time="0.990" /><testcase classname="tests.test_iteration2.TestGlobalHari" name="test_global_hari_access_dewi_denied" time="0.578" /><testcase classname="tests.backend_test.TestWorkItemFlow" name="test_approval_flow" time="0.535" /><testcase classname="tests.test_iteration2.TestGlobalHari" name="test_global_hari_access_admin" time="0.447" /><testcase classname="tests.test_iteration2.TestGlobalHari" name="test_global_hari_access_draf" time="0.449" /><testcase classname="tests.backend_test.TestWorkItemFlow" name="test_mirror_flow" time="0.326" /><testcase classname="tests.test_iteration2.TestGlobalHari" name="test_graha_in_hari_1" time="0.183" /><testcase classname="tests.test_iteration2.TestGlobalHari" name="test_hari_gate_blocks_staff" time="1.311" /><testcase classname="tests.backend_test.TestWorkItemFlow" name="test_archive_unarchive" time="0.359" /><testcase classname="tests.backend_test.TestAdminPanel" name="test_users_list" time="0.046" /><testcase classname="tests.backend_test.TestAdminPanel" name="test_create_and_update_user" time="0.356" /><testcase classname="tests.backend_test.TestAdminPanel" name="test_divisions" time="0.046" /><testcase classname="tests.backend_test.TestAdminPanel" name="test_activities" time="0.044" /><testcase classname="tests.test_iteration2.TestRegression" name="test_login_admin" time="0.398" /><testcase classname="tests.test_iteration2.TestRegression" name="test_stats" time="0.061" /><testcase classname="tests.test_iteration2.TestBankData" name="test_get_bank_data_cs_division" time="0.104" /><testcase classname="tests.test_iteration2.TestBankData" name="test_get_bank_data_draf_division_visible_to_cs" time="0.046" /><testcase classname="tests.test_iteration2.TestBankData" name="test_workload_by_list_details" time="0.047" /><testcase classname="tests.test_iteration2.TestRegression" name="test_dewi_board_full" time="0.099" /><testcase classname="tests.test_iteration2.TestBankData" name="test_cross_division_create_via_bank_data" time="0.101" /><testcase classname="tests.test_iteration2.TestRegression" name="test_notifications" time="0.552" /><testcase classname="tests.test_iteration3.TestChecklistAdvanced" name="test_rename" time="1.064" /><testcase classname="tests.test_iteration3.TestComments" name="test_edit_own_comment" time="0.610" /><testcase classname="tests.test_iteration3.TestComments" name="test_edit_other_forbidden" time="0.548" /><testcase classname="tests.test_iteration3.TestComments" name="test_reaction_toggle_and_notify" time="0.678" /><testcase classname="tests.test_iteration3.TestChecklistAdvanced" name="test_assignee_and_due" time="0.644" /><testcase classname="tests.test_iteration3.TestChecklistAdvanced" name="test_reorder" time="0.089" /><testcase classname="tests.test_iteration3.TestChecklistAdvanced" name="test_convert_item_to_card" time="0.189" /><testcase classname="tests.backend_test.TestBoards" name="test_list_boards_admin" time="0.049" /><testcase classname="tests.backend_test.TestBoards" name="test_stats" time="0.048" /><testcase classname="tests.backend_test.TestBoards" name="test_board_full" time="0.095" /><testcase classname="tests.backend_test.TestCardExtras" name="test_checklist" time="0.451" /><testcase classname="tests.test_iteration3.TestComments" name="test_reaction_invalid_emoji" time="0.088" /><testcase classname="tests.test_iteration3.TestBoardAdmin" name="test_template_skor_creates_lists" time="0.180" /><testcase classname="tests.test_iteration3.TestBoardAdmin" name="test_copy_board_with_cards" time="0.397" /><testcase classname="tests.test_iteration3.TestBoardAdmin" name="test_archive_and_unarchive" time="0.268" /><testcase classname="tests.backend_test.TestCardExtras" name="test_comment_with_mention" time="1.017" /><testcase classname="tests.test_iteration3.TestBoardAdmin" name="test_boards_archived_forbidden_for_staff" time="0.364" /><testcase classname="tests.backend_test.TestCardExtras" name="test_attachment_upload" time="0.814" /><testcase classname="tests.test_iteration2.TestEntryRequirements" name="test_migrate_seeded_entry_requirements" time="0.419" /><testcase classname="tests.test_iteration2.TestEntryRequirements" name="test_move_blocked_when_reqs_missing_then_allowed" time="1.017" /><testcase classname="tests.backend_test.TestRBAC" name="test_staff_cannot_all_work" time="0.090" /><testcase classname="tests.backend_test.TestRBAC" name="test_admin_all_work" time="0.054" /><testcase classname="tests.backend_test.TestRBAC" name="test_search" time="0.049" /><testcase classname="tests.test_iteration2.TestCron" name="test_cron_no_auth" time="0.126" /><testcase classname="tests.test_iteration2.TestCron" name="test_cron_wrong_secret" time="0.138" /><testcase classname="tests.test_iteration2.TestCron" name="test_cron_success_and_idempotent" time="0.243" /><testcase classname="tests.test_iteration2.TestEntryRequirements" name="test_supervisor_bypass_reqs_logs_activity" time="0.453" /><testcase classname="tests.test_iteration2.TestGlobalSkor" name="test_dewi_can_access_skor" time="0.050" /><testcase classname="tests.test_iteration3.TestListOps" name="test_list_copy_with_cards_and_archive_all" time="0.874" /><testcase classname="tests.test_iteration2.TestGlobalSkor" name="test_elis_draf_denied" time="0.376" /><testcase classname="tests.test_iteration2.TestGlobalSkor" name="test_supervisor_andi_allowed" time="0.573" /><testcase classname="tests.test_iteration3.TestListOps" name="test_move_list_requires_supervisor" time="0.710" /><testcase classname="tests.backend_test.TestApprovalSeed" name="test_nusantara_seed_is_submitted" time="0.094" /><testcase classname="tests.backend_test.TestApprovalSeed" name="test_graha_mirror_seed" time="0.095" /><testcase classname="tests.test_iteration3.TestListOps" name="test_list_archived_flag" time="0.380" /><testcase classname="tests.test_iteration3.TestBankData" name="test_bank_data_shape" time="0.277" /><testcase classname="tests.test_iteration3.TestTakeover" name="test_admin_takeover_replaces_pic" time="1.280" /><testcase classname="tests.test_iteration3.TestBankData" name="test_menunggu_vs_diambil" time="0.867" /><testcase classname="tests.backend_test.TestAutomation" name="test_automation_rule_move_adds_label" time="0.415" /><testcase classname="tests.test_iteration3.TestTakeover" name="test_staff_cannot_takeover" time="0.594" /><testcase classname="tests.test_iteration3.TestSend" name="test_send_to_division_creates_mirror_and_bankdata_entry" time="1.423" /><testcase classname="tests.backend_test.TestNotifications" name="test_my_notifications" time="0.045" /><testcase classname="tests.test_iteration3.TestWatch" name="test_watch_toggle_and_notify_on_comment" time="1.994" /><testcase classname="tests.test_iteration3.TestSend" name="test_send_direct_to_user" time="0.556" /><testcase classname="tests.test_iteration3.TestRelease" name="test_release_with_reason_notifies_creator" time="0.776" /><testcase classname="tests.test_iteration3.TestCardV3Extras" name="test_custom_fields_and_cover_and_start" time="0.469" /><testcase classname="tests.test_iteration3.TestLinkAttachment" name="test_add_link_valid_and_invalid" time="0.402" /><testcase classname="tests.test_iteration3.TestCalendar" name="test_calendar_month_returns_due_cards" time="0.188" /></testsuite></testsuites>