<?xml version="1.0" encoding="utf-8"?><testsuites name="pytest tests"><testsuite name="pytest" errors="0" failures="0" skipped="0" tests="26" time="7.595" timestamp="2026-08-23T06:03:21.399952+00:00" hostname="agent-env-e7676d79-70e7-451c-aabc-4777ce4b801c"><testcase classname="tests.test_iteration3.TestChecklistAdvanced" name="test_rename" time="1.017" /><testcase classname="tests.test_iteration3.TestComments" name="test_edit_own_comment" time="0.965" /><testcase classname="tests.test_iteration3.TestComments" name="test_edit_other_forbidden" time="0.553" /><testcase classname="tests.test_iteration3.TestComments" name="test_reaction_toggle_and_notify" time="0.695" /><testcase classname="tests.test_iteration3.TestChecklistAdvanced" name="test_assignee_and_due" time="0.714" /><testcase classname="tests.test_iteration3.TestChecklistAdvanced" name="test_reorder" time="0.113" /><testcase classname="tests.test_iteration3.TestChecklistAdvanced" name="test_convert_item_to_card" time="0.230" /><testcase classname="tests.test_iteration3.TestListOps" name="test_list_copy_with_cards_and_archive_all" time="0.387" /><testcase classname="tests.test_iteration3.TestComments" name="test_reaction_invalid_emoji" time="0.103" /><testcase classname="tests.test_iteration3.TestBoardAdmin" name="test_template_skor_creates_lists" time="0.481" /><testcase classname="tests.test_iteration3.TestListOps" name="test_move_list_requires_supervisor" time="0.612" /><testcase classname="tests.test_iteration3.TestBoardAdmin" name="test_copy_board_with_cards" time="0.222" /><testcase classname="tests.test_iteration3.TestBoardAdmin" name="test_archive_and_unarchive" time="0.347" /><testcase classname="tests.test_iteration3.TestListOps" name="test_list_archived_flag" time="0.191" /><testcase classname="tests.test_iteration3.TestBankData" name="test_bank_data_shape" time="0.104" /><testcase classname="tests.test_iteration3.TestBankData" name="test_menunggu_vs_diambil" time="0.687" /><testcase classname="tests.test_iteration3.TestBoardAdmin" name="test_boards_archived_forbidden_for_staff" time="0.406" /><testcase classname="tests.test_iteration3.TestTakeover" name="test_admin_takeover_replaces_pic" time="0.442" /><testcase classname="tests.test_iteration3.TestSend" name="test_send_to_division_creates_mirror_and_bankdata_entry" time="1.275" /><testcase classname="tests.test_iteration3.TestTakeover" name="test_staff_cannot_takeover" time="0.291" /><testcase classname="tests.test_iteration3.TestWatch" name="test_watch_toggle_and_notify_on_comment" time="1.269" /><testcase classname="tests.test_iteration3.TestSend" name="test_send_direct_to_user" time="0.676" /><testcase classname="tests.test_iteration3.TestCardV3Extras" name="test_custom_fields_and_cover_and_start" time="0.483" /><testcase classname="tests.test_iteration3.TestRelease" name="test_release_with_reason_notifies_creator" time="0.838" /><testcase classname="tests.test_iteration3.TestLinkAttachment" name="test_add_link_valid_and_invalid" time="0.319" /><testcase classname="tests.test_iteration3.TestCalendar" name="test_calendar_month_returns_due_cards" time="0.207" /></testsuite></testsuites>