<?xml version="1.0" encoding="utf-8"?><testsuites name="pytest tests"><testsuite name="pytest" errors="0" failures="1" skipped="0" tests="22" time="4.908" timestamp="2026-08-21T08:15:30.511608+00:00" hostname="agent-env-e7676d79-70e7-451c-aabc-4777ce4b801c"><testcase classname="tests.test_iteration2.TestGlobalHari" name="test_global_hari_access_dewi_denied" time="0.714" /><testcase classname="tests.test_iteration2.TestGlobalHari" name="test_global_hari_access_admin" time="0.510" /><testcase classname="tests.test_iteration2.TestGlobalHari" name="test_global_hari_access_draf" time="0.389" /><testcase classname="tests.test_iteration2.TestBankData" name="test_get_bank_data_cs_division" time="1.671" /><testcase classname="tests.test_iteration2.TestBankData" name="test_get_bank_data_draf_division_visible_to_cs" time="0.057" /><testcase classname="tests.test_iteration2.TestGlobalHari" name="test_graha_in_hari_1" time="0.156" /><testcase classname="tests.test_iteration2.TestBankData" name="test_workload_by_list_details" time="0.105" /><testcase classname="tests.test_iteration2.TestGlobalHari" name="test_hari_gate_blocks_staff" time="0.870" /><testcase classname="tests.test_iteration2.TestBankData" name="test_cross_division_create_via_bank_data" time="0.224"><failure message="KeyError: 'lists'">tests/test_iteration2.py:95: in test_cross_division_create_via_bank_data
    list_id = full["lists"][0]["id"]
              ^^^^^^^^^^^^^
E   KeyError: 'lists'</failure></testcase><testcase classname="tests.test_iteration2.TestEntryRequirements" name="test_migrate_seeded_entry_requirements" time="0.080" /><testcase classname="tests.test_iteration2.TestEntryRequirements" name="test_move_blocked_when_reqs_missing_then_allowed" time="0.919" /><testcase classname="tests.test_iteration2.TestRegression" name="test_login_admin" time="0.050" /><testcase classname="tests.test_iteration2.TestRegression" name="test_stats" time="0.056" /><testcase classname="tests.test_iteration2.TestRegression" name="test_dewi_board_full" time="0.050" /><testcase classname="tests.test_iteration2.TestRegression" name="test_notifications" time="0.065" /><testcase classname="tests.test_iteration2.TestCron" name="test_cron_no_auth" time="0.192" /><testcase classname="tests.test_iteration2.TestCron" name="test_cron_wrong_secret" time="0.135" /><testcase classname="tests.test_iteration2.TestEntryRequirements" name="test_supervisor_bypass_reqs_logs_activity" time="0.415" /><testcase classname="tests.test_iteration2.TestCron" name="test_cron_success_and_idempotent" time="0.324" /><testcase classname="tests.test_iteration2.TestGlobalSkor" name="test_dewi_can_access_skor" time="0.066" /><testcase classname="tests.test_iteration2.TestGlobalSkor" name="test_elis_draf_denied" time="0.425" /><testcase classname="tests.test_iteration2.TestGlobalSkor" name="test_supervisor_andi_allowed" time="0.370" /></testsuite></testsuites>