<?xml version="1.0" encoding="utf-8"?><testsuites name="pytest tests"><testsuite name="pytest" errors="0" failures="0" skipped="0" tests="27" time="5.697" timestamp="2026-08-21T06:52:00.846574+00:00" hostname="agent-env-e7676d79-70e7-451c-aabc-4777ce4b801c"><testcase classname="tests.backend_test.TestAuth" name="test_root" time="0.223" /><testcase classname="tests.backend_test.TestAuth" name="test_login_success" time="0.526" /><testcase classname="tests.backend_test.TestAuth" name="test_login_invalid_password" time="0.429" /><testcase classname="tests.backend_test.TestWorkItemFlow" name="test_create_update_move_delete" time="1.735" /><testcase classname="tests.backend_test.TestAuth" name="test_me_no_token" time="0.115" /><testcase classname="tests.backend_test.TestAuth" name="test_me_bearer" time="0.428" /><testcase classname="tests.backend_test.TestAdminPanel" name="test_users_list" time="0.047" /><testcase classname="tests.backend_test.TestAdminPanel" name="test_create_and_update_user" time="0.520" /><testcase classname="tests.backend_test.TestAdminPanel" name="test_divisions" time="0.048" /><testcase classname="tests.backend_test.TestWorkItemFlow" name="test_claim_flow" time="0.964" /><testcase classname="tests.backend_test.TestAdminPanel" name="test_activities" time="0.045" /><testcase classname="tests.backend_test.TestBoards" name="test_list_boards_admin" time="0.075" /><testcase classname="tests.backend_test.TestBoards" name="test_stats" time="0.056" /><testcase classname="tests.backend_test.TestBoards" name="test_board_full" time="0.123" /><testcase classname="tests.backend_test.TestWorkItemFlow" name="test_approval_flow" time="0.716" /><testcase classname="tests.backend_test.TestCardExtras" name="test_checklist" time="0.429" /><testcase classname="tests.backend_test.TestCardExtras" name="test_comment_with_mention" time="1.135" /><testcase classname="tests.backend_test.TestWorkItemFlow" name="test_mirror_flow" time="0.445" /><testcase classname="tests.backend_test.TestWorkItemFlow" name="test_archive_unarchive" time="0.306" /><testcase classname="tests.backend_test.TestApprovalSeed" name="test_nusantara_seed_is_submitted" time="0.124" /><testcase classname="tests.backend_test.TestCardExtras" name="test_attachment_upload" time="0.486" /><testcase classname="tests.backend_test.TestApprovalSeed" name="test_graha_mirror_seed" time="0.332" /><testcase classname="tests.backend_test.TestAutomation" name="test_automation_rule_move_adds_label" time="0.437" /><testcase classname="tests.backend_test.TestRBAC" name="test_staff_cannot_all_work" time="0.113" /><testcase classname="tests.backend_test.TestRBAC" name="test_admin_all_work" time="0.050" /><testcase classname="tests.backend_test.TestRBAC" name="test_search" time="0.048" /><testcase classname="tests.backend_test.TestNotifications" name="test_my_notifications" time="0.057" /></testsuite></testsuites>